{
  message: 'SIGTERM is received',
  level: 'info',
  label: 'Successful!',
  timestamp: '2023-06-08T14:07:02.995Z'
}
{
  message: 'development',
  level: 'info',
  label: 'Successful!',
  timestamp: '2023-06-08T14:13:19.522Z'
}
{
  message: 'Database Connected Successfully',
  level: 'info',
  label: 'Successful!',
  timestamp: '2023-06-08T14:13:22.654Z'
}
{
  message: 'Application listening on port 5000',
  level: 'info',
  label: 'Successful!',
  timestamp: '2023-06-08T14:13:22.666Z'
}
{
  message: 'SIGTERM is received',
  level: 'info',
  label: 'Successful!',
  timestamp: '2023-06-08T14:56:31.305Z'
}
