{
  message: 'development',
  level: 'info',
  label: 'Successful!',
  timestamp: '2023-06-04T18:06:21.474Z'
}
{
  message: 'Database Connected Successfully',
  level: 'info',
  label: 'Successful!',
  timestamp: '2023-06-04T18:06:24.390Z'
}
{
  message: 'Application listening on port 5000',
  level: 'info',
  label: 'Successful!',
  timestamp: '2023-06-04T18:06:24.395Z'
}
{
  message: 'development',
  level: 'info',
  label: 'Successful!',
  timestamp: '2023-06-04T18:08:24.432Z'
}
{
  message: 'Database Connected Successfully',
  level: 'info',
  label: 'Successful!',
  timestamp: '2023-06-04T18:08:27.343Z'
}
{
  message: 'Application listening on port 5000',
  level: 'info',
  label: 'Successful!',
  timestamp: '2023-06-04T18:08:27.356Z'
}
{
  message: 'development',
  level: 'info',
  label: 'Successful!',
  timestamp: '2023-06-04T18:08:49.124Z'
}
{
  message: 'Database Connected Successfully',
  level: 'info',
  label: 'Successful!',
  timestamp: '2023-06-04T18:08:51.948Z'
}
{
  message: 'Application listening on port 5000',
  level: 'info',
  label: 'Successful!',
  timestamp: '2023-06-04T18:08:51.952Z'
}
{
  message: 'development',
  level: 'info',
  label: 'Successful!',
  timestamp: '2023-06-04T18:11:22.333Z'
}
{
  message: 'Database Connected Successfully',
  level: 'info',
  label: 'Successful!',
  timestamp: '2023-06-04T18:11:25.412Z'
}
{
  message: 'Application listening on port 5000',
  level: 'info',
  label: 'Successful!',
  timestamp: '2023-06-04T18:11:25.417Z'
}
{
  message: 'development',
  level: 'info',
  label: 'Successful!',
  timestamp: '2023-06-04T18:11:50.014Z'
}
{
  message: 'Database Connected Successfully',
  level: 'info',
  label: 'Successful!',
  timestamp: '2023-06-04T18:11:52.991Z'
}
{
  message: 'Application listening on port 5000',
  level: 'info',
  label: 'Successful!',
  timestamp: '2023-06-04T18:11:52.996Z'
}
{
  message: 'development',
  level: 'info',
  label: 'Successful!',
  timestamp: '2023-06-04T18:12:15.813Z'
}
{
  message: 'Database Connected Successfully',
  level: 'info',
  label: 'Successful!',
  timestamp: '2023-06-04T18:12:18.589Z'
}
{
  message: 'Application listening on port 5000',
  level: 'info',
  label: 'Successful!',
  timestamp: '2023-06-04T18:12:18.593Z'
}
{
  message: 'development',
  level: 'info',
  label: 'Successful!',
  timestamp: '2023-06-04T18:12:53.670Z'
}
{
  message: 'Database Connected Successfully',
  level: 'info',
  label: 'Successful!',
  timestamp: '2023-06-04T18:12:57.670Z'
}
{
  message: 'Application listening on port 5000',
  level: 'info',
  label: 'Successful!',
  timestamp: '2023-06-04T18:12:57.674Z'
}
{
  message: 'development',
  level: 'info',
  label: 'Successful!',
  timestamp: '2023-06-04T18:13:10.667Z'
}
{
  message: 'Database Connected Successfully',
  level: 'info',
  label: 'Successful!',
  timestamp: '2023-06-04T18:13:13.542Z'
}
{
  message: 'Application listening on port 5000',
  level: 'info',
  label: 'Successful!',
  timestamp: '2023-06-04T18:13:13.546Z'
}
{
  message: 'development',
  level: 'info',
  label: 'Successful!',
  timestamp: '2023-06-04T18:13:46.833Z'
}
{
  message: 'Database Connected Successfully',
  level: 'info',
  label: 'Successful!',
  timestamp: '2023-06-04T18:13:49.724Z'
}
{
  message: 'Application listening on port 5000',
  level: 'info',
  label: 'Successful!',
  timestamp: '2023-06-04T18:13:49.727Z'
}
{
  message: 'development',
  level: 'info',
  label: 'Successful!',
  timestamp: '2023-06-04T18:15:59.399Z'
}
{
  message: 'Database Connected Successfully',
  level: 'info',
  label: 'Successful!',
  timestamp: '2023-06-04T18:16:02.296Z'
}
{
  message: 'Application listening on port 5000',
  level: 'info',
  label: 'Successful!',
  timestamp: '2023-06-04T18:16:02.302Z'
}
{
  message: 'development',
  level: 'info',
  label: 'Successful!',
  timestamp: '2023-06-04T18:17:40.856Z'
}
{
  message: 'Database Connected Successfully',
  level: 'info',
  label: 'Successful!',
  timestamp: '2023-06-04T18:17:43.930Z'
}
{
  message: 'Application listening on port 5000',
  level: 'info',
  label: 'Successful!',
  timestamp: '2023-06-04T18:17:43.933Z'
}
{
  message: 'development',
  level: 'info',
  label: 'Successful!',
  timestamp: '2023-06-04T18:18:26.316Z'
}
{
  message: 'Database Connected Successfully',
  level: 'info',
  label: 'Successful!',
  timestamp: '2023-06-04T18:18:29.124Z'
}
{
  message: 'Application listening on port 5000',
  level: 'info',
  label: 'Successful!',
  timestamp: '2023-06-04T18:18:29.130Z'
}
{
  message: 'development',
  level: 'info',
  label: 'Successful!',
  timestamp: '2023-06-04T18:18:40.270Z'
}
{
  message: 'Database Connected Successfully',
  level: 'info',
  label: 'Successful!',
  timestamp: '2023-06-04T18:18:43.271Z'
}
{
  message: 'Application listening on port 5000',
  level: 'info',
  label: 'Successful!',
  timestamp: '2023-06-04T18:18:43.275Z'
}
{
  message: 'development',
  level: 'info',
  label: 'Successful!',
  timestamp: '2023-06-04T18:19:13.735Z'
}
{
  message: 'Database Connected Successfully',
  level: 'info',
  label: 'Successful!',
  timestamp: '2023-06-04T18:19:16.537Z'
}
{
  message: 'Application listening on port 5000',
  level: 'info',
  label: 'Successful!',
  timestamp: '2023-06-04T18:19:16.542Z'
}
{
  message: 'development',
  level: 'info',
  label: 'Successful!',
  timestamp: '2023-06-04T18:19:32.859Z'
}
{
  message: 'Database Connected Successfully',
  level: 'info',
  label: 'Successful!',
  timestamp: '2023-06-04T18:19:35.588Z'
}
{
  message: 'Application listening on port 5000',
  level: 'info',
  label: 'Successful!',
  timestamp: '2023-06-04T18:19:35.592Z'
}
{
  message: 'development',
  level: 'info',
  label: 'Successful!',
  timestamp: '2023-06-04T18:41:27.645Z'
}
{
  message: 'Database Connected Successfully',
  level: 'info',
  label: 'Successful!',
  timestamp: '2023-06-04T18:41:30.747Z'
}
{
  message: 'Application listening on port 5000',
  level: 'info',
  label: 'Successful!',
  timestamp: '2023-06-04T18:41:30.751Z'
}
{
  message: 'development',
  level: 'info',
  label: 'Successful!',
  timestamp: '2023-06-04T18:41:47.606Z'
}
{
  message: 'Database Connected Successfully',
  level: 'info',
  label: 'Successful!',
  timestamp: '2023-06-04T18:41:50.409Z'
}
{
  message: 'Application listening on port 5000',
  level: 'info',
  label: 'Successful!',
  timestamp: '2023-06-04T18:41:50.413Z'
}
{
  message: 'development',
  level: 'info',
  label: 'Successful!',
  timestamp: '2023-06-04T18:42:14.536Z'
}
{
  message: 'Database Connected Successfully',
  level: 'info',
  label: 'Successful!',
  timestamp: '2023-06-04T18:42:17.445Z'
}
{
  message: 'Application listening on port 5000',
  level: 'info',
  label: 'Successful!',
  timestamp: '2023-06-04T18:42:17.449Z'
}
{
  message: 'development',
  level: 'info',
  label: 'Successful!',
  timestamp: '2023-06-04T18:43:13.052Z'
}
{
  message: 'Database Connected Successfully',
  level: 'info',
  label: 'Successful!',
  timestamp: '2023-06-04T18:43:16.116Z'
}
{
  message: 'Application listening on port 5000',
  level: 'info',
  label: 'Successful!',
  timestamp: '2023-06-04T18:43:16.120Z'
}
{
  message: 'development',
  level: 'info',
  label: 'Successful!',
  timestamp: '2023-06-04T18:44:55.378Z'
}
{
  message: 'Database Connected Successfully',
  level: 'info',
  label: 'Successful!',
  timestamp: '2023-06-04T18:44:58.383Z'
}
{
  message: 'Application listening on port 5000',
  level: 'info',
  label: 'Successful!',
  timestamp: '2023-06-04T18:44:58.388Z'
}
