{
  message: 'development',
  level: 'info',
  label: 'Successful!',
  timestamp: '2023-06-14T12:20:51.223Z'
}
{
  message: 'Database Connected Successfully',
  level: 'info',
  label: 'Successful!',
  timestamp: '2023-06-14T12:20:54.033Z'
}
{
  message: 'Application listening on port 5000',
  level: 'info',
  label: 'Successful!',
  timestamp: '2023-06-14T12:20:54.042Z'
}
{
  message: 'development',
  level: 'info',
  label: 'Successful!',
  timestamp: '2023-06-14T12:22:23.667Z'
}
{
  message: 'Database Connected Successfully',
  level: 'info',
  label: 'Successful!',
  timestamp: '2023-06-14T12:22:26.474Z'
}
{
  message: 'Application listening on port 5000',
  level: 'info',
  label: 'Successful!',
  timestamp: '2023-06-14T12:22:26.479Z'
}
{
  message: 'development',
  level: 'info',
  label: 'Successful!',
  timestamp: '2023-06-14T12:45:08.274Z'
}
{
  message: 'Database Connected Successfully',
  level: 'info',
  label: 'Successful!',
  timestamp: '2023-06-14T12:45:11.282Z'
}
{
  message: 'Application listening on port 5000',
  level: 'info',
  label: 'Successful!',
  timestamp: '2023-06-14T12:45:11.293Z'
}
{
  message: 'development',
  level: 'info',
  label: 'Successful!',
  timestamp: '2023-06-14T12:45:17.108Z'
}
{
  message: 'Database Connected Successfully',
  level: 'info',
  label: 'Successful!',
  timestamp: '2023-06-14T12:45:21.310Z'
}
{
  message: 'Application listening on port 5000',
  level: 'info',
  label: 'Successful!',
  timestamp: '2023-06-14T12:45:21.319Z'
}
{
  message: 'development',
  level: 'info',
  label: 'Successful!',
  timestamp: '2023-06-14T12:49:33.862Z'
}
{
  message: 'Database Connected Successfully',
  level: 'info',
  label: 'Successful!',
  timestamp: '2023-06-14T12:49:37.059Z'
}
{
  message: 'Application listening on port 5000',
  level: 'info',
  label: 'Successful!',
  timestamp: '2023-06-14T12:49:37.065Z'
}
