{
  message: 'development',
  level: 'info',
  label: 'Successful!',
  timestamp: '2023-06-06T16:04:31.481Z'
}
{
  message: 'Database Connected Successfully',
  level: 'info',
  label: 'Successful!',
  timestamp: '2023-06-06T16:04:34.359Z'
}
{
  message: 'Application listening on port 5000',
  level: 'info',
  label: 'Successful!',
  timestamp: '2023-06-06T16:04:34.365Z'
}
{
  message: 'development',
  level: 'info',
  label: 'Successful!',
  timestamp: '2023-06-06T16:06:08.449Z'
}
{
  message: 'Database Connected Successfully',
  level: 'info',
  label: 'Successful!',
  timestamp: '2023-06-06T16:06:11.427Z'
}
{
  message: 'Application listening on port 5000',
  level: 'info',
  label: 'Successful!',
  timestamp: '2023-06-06T16:06:11.431Z'
}
{
  message: 'development',
  level: 'info',
  label: 'Successful!',
  timestamp: '2023-06-06T16:07:36.732Z'
}
{
  message: 'Database Connected Successfully',
  level: 'info',
  label: 'Successful!',
  timestamp: '2023-06-06T16:07:39.697Z'
}
{
  message: 'Application listening on port 5000',
  level: 'info',
  label: 'Successful!',
  timestamp: '2023-06-06T16:07:39.701Z'
}
{
  message: 'development',
  level: 'info',
  label: 'Successful!',
  timestamp: '2023-06-06T16:07:57.958Z'
}
{
  message: 'Database Connected Successfully',
  level: 'info',
  label: 'Successful!',
  timestamp: '2023-06-06T16:08:00.818Z'
}
{
  message: 'Application listening on port 5000',
  level: 'info',
  label: 'Successful!',
  timestamp: '2023-06-06T16:08:00.821Z'
}
{
  message: 'development',
  level: 'info',
  label: 'Successful!',
  timestamp: '2023-06-06T16:09:18.751Z'
}
{
  message: 'Database Connected Successfully',
  level: 'info',
  label: 'Successful!',
  timestamp: '2023-06-06T16:09:21.785Z'
}
{
  message: 'Application listening on port 5000',
  level: 'info',
  label: 'Successful!',
  timestamp: '2023-06-06T16:09:21.790Z'
}
{
  message: 'development',
  level: 'info',
  label: 'Successful!',
  timestamp: '2023-06-06T16:09:52.091Z'
}
{
  message: 'Database Connected Successfully',
  level: 'info',
  label: 'Successful!',
  timestamp: '2023-06-06T16:09:55.167Z'
}
{
  message: 'Application listening on port 5000',
  level: 'info',
  label: 'Successful!',
  timestamp: '2023-06-06T16:09:55.172Z'
}
{
  message: 'development',
  level: 'info',
  label: 'Successful!',
  timestamp: '2023-06-06T16:10:42.102Z'
}
{
  message: 'Database Connected Successfully',
  level: 'info',
  label: 'Successful!',
  timestamp: '2023-06-06T16:10:44.966Z'
}
{
  message: 'Application listening on port 5000',
  level: 'info',
  label: 'Successful!',
  timestamp: '2023-06-06T16:10:44.972Z'
}
{
  message: 'development',
  level: 'info',
  label: 'Successful!',
  timestamp: '2023-06-06T16:11:57.150Z'
}
{
  message: 'Database Connected Successfully',
  level: 'info',
  label: 'Successful!',
  timestamp: '2023-06-06T16:12:00.197Z'
}
{
  message: 'Application listening on port 5000',
  level: 'info',
  label: 'Successful!',
  timestamp: '2023-06-06T16:12:00.201Z'
}
{
  message: 'development',
  level: 'info',
  label: 'Successful!',
  timestamp: '2023-06-06T16:12:08.092Z'
}
{
  message: 'Database Connected Successfully',
  level: 'info',
  label: 'Successful!',
  timestamp: '2023-06-06T16:12:11.321Z'
}
{
  message: 'Application listening on port 5000',
  level: 'info',
  label: 'Successful!',
  timestamp: '2023-06-06T16:12:11.325Z'
}
{
  message: 'development',
  level: 'info',
  label: 'Successful!',
  timestamp: '2023-06-06T16:12:20.631Z'
}
{
  message: 'Database Connected Successfully',
  level: 'info',
  label: 'Successful!',
  timestamp: '2023-06-06T16:12:23.606Z'
}
{
  message: 'Application listening on port 5000',
  level: 'info',
  label: 'Successful!',
  timestamp: '2023-06-06T16:12:23.626Z'
}
{
  message: 'development',
  level: 'info',
  label: 'Successful!',
  timestamp: '2023-06-06T16:14:11.311Z'
}
{
  message: 'Database Connected Successfully',
  level: 'info',
  label: 'Successful!',
  timestamp: '2023-06-06T16:14:14.337Z'
}
{
  message: 'Application listening on port 5000',
  level: 'info',
  label: 'Successful!',
  timestamp: '2023-06-06T16:14:14.341Z'
}
{
  message: 'development',
  level: 'info',
  label: 'Successful!',
  timestamp: '2023-06-06T16:14:29.029Z'
}
{
  message: 'Database Connected Successfully',
  level: 'info',
  label: 'Successful!',
  timestamp: '2023-06-06T16:14:31.746Z'
}
{
  message: 'Application listening on port 5000',
  level: 'info',
  label: 'Successful!',
  timestamp: '2023-06-06T16:14:31.750Z'
}
{
  message: 'development',
  level: 'info',
  label: 'Successful!',
  timestamp: '2023-06-06T16:15:52.272Z'
}
{
  message: 'Database Connected Successfully',
  level: 'info',
  label: 'Successful!',
  timestamp: '2023-06-06T16:15:55.365Z'
}
{
  message: 'Application listening on port 5000',
  level: 'info',
  label: 'Successful!',
  timestamp: '2023-06-06T16:15:55.369Z'
}
{
  message: 'development',
  level: 'info',
  label: 'Successful!',
  timestamp: '2023-06-06T16:20:50.672Z'
}
{
  message: 'Database Connected Successfully',
  level: 'info',
  label: 'Successful!',
  timestamp: '2023-06-06T16:20:53.591Z'
}
{
  message: 'Application listening on port 5000',
  level: 'info',
  label: 'Successful!',
  timestamp: '2023-06-06T16:20:53.595Z'
}
{
  message: 'development',
  level: 'info',
  label: 'Successful!',
  timestamp: '2023-06-06T16:22:09.736Z'
}
{
  message: 'Database Connected Successfully',
  level: 'info',
  label: 'Successful!',
  timestamp: '2023-06-06T16:22:12.508Z'
}
{
  message: 'Application listening on port 5000',
  level: 'info',
  label: 'Successful!',
  timestamp: '2023-06-06T16:22:12.512Z'
}
