{
  message: 'development',
  level: 'info',
  label: 'Successful!',
  timestamp: '2023-06-08T10:07:12.552Z'
}
{
  message: 'Database Connected Successfully',
  level: 'info',
  label: 'Successful!',
  timestamp: '2023-06-08T10:07:15.540Z'
}
{
  message: 'Application listening on port 5000',
  level: 'info',
  label: 'Successful!',
  timestamp: '2023-06-08T10:07:15.543Z'
}
{
  message: 'development',
  level: 'info',
  label: 'Successful!',
  timestamp: '2023-06-08T10:07:36.547Z'
}
{
  message: 'development',
  level: 'info',
  label: 'Successful!',
  timestamp: '2023-06-08T10:16:01.648Z'
}
{
  message: 'Database Connected Successfully',
  level: 'info',
  label: 'Successful!',
  timestamp: '2023-06-08T10:16:04.529Z'
}
{
  message: 'Application listening on port 5000',
  level: 'info',
  label: 'Successful!',
  timestamp: '2023-06-08T10:16:04.533Z'
}
{
  message: 'SIGTERM is received',
  level: 'info',
  label: 'Successful!',
  timestamp: '2023-06-08T10:16:29.729Z'
}
{
  message: 'development',
  level: 'info',
  label: 'Successful!',
  timestamp: '2023-06-08T10:23:40.952Z'
}
{
  message: 'Database Connected Successfully',
  level: 'info',
  label: 'Successful!',
  timestamp: '2023-06-08T10:23:43.785Z'
}
{
  message: 'Application listening on port 5000',
  level: 'info',
  label: 'Successful!',
  timestamp: '2023-06-08T10:23:43.789Z'
}
{
  message: 'SIGTERM is received',
  level: 'info',
  label: 'Successful!',
  timestamp: '2023-06-08T10:25:06.210Z'
}
{
  message: 'development',
  level: 'info',
  label: 'Successful!',
  timestamp: '2023-06-08T10:27:33.882Z'
}
{
  message: 'Database Connected Successfully',
  level: 'info',
  label: 'Successful!',
  timestamp: '2023-06-08T10:27:36.426Z'
}
{
  message: 'Application listening on port 5000',
  level: 'info',
  label: 'Successful!',
  timestamp: '2023-06-08T10:27:36.430Z'
}
{
  message: 'SIGTERM is received',
  level: 'info',
  label: 'Successful!',
  timestamp: '2023-06-08T10:28:06.542Z'
}
{
  message: 'development',
  level: 'info',
  label: 'Successful!',
  timestamp: '2023-06-08T10:31:53.798Z'
}
{
  message: 'Database Connected Successfully',
  level: 'info',
  label: 'Successful!',
  timestamp: '2023-06-08T10:31:56.413Z'
}
{
  message: 'Application listening on port 5000',
  level: 'info',
  label: 'Successful!',
  timestamp: '2023-06-08T10:31:56.416Z'
}
{
  message: 'SIGTERM is received',
  level: 'info',
  label: 'Successful!',
  timestamp: '2023-06-08T10:32:04.243Z'
}
{
  message: 'development',
  level: 'info',
  label: 'Successful!',
  timestamp: '2023-06-08T10:33:08.084Z'
}
{
  message: 'Database Connected Successfully',
  level: 'info',
  label: 'Successful!',
  timestamp: '2023-06-08T10:33:10.971Z'
}
{
  message: 'Application listening on port 5000',
  level: 'info',
  label: 'Successful!',
  timestamp: '2023-06-08T10:33:10.976Z'
}
