{
  message: 'development',
  level: 'info',
  label: 'Successful!',
  timestamp: '2023-06-09T16:37:53.430Z'
}
{
  message: 'Database Connected Successfully',
  level: 'info',
  label: 'Successful!',
  timestamp: '2023-06-09T16:37:56.096Z'
}
{
  message: 'Application listening on port 5000',
  level: 'info',
  label: 'Successful!',
  timestamp: '2023-06-09T16:37:56.101Z'
}
{
  message: 'development',
  level: 'info',
  label: 'Successful!',
  timestamp: '2023-06-09T16:38:44.916Z'
}
{
  message: 'Database Connected Successfully',
  level: 'info',
  label: 'Successful!',
  timestamp: '2023-06-09T16:38:47.769Z'
}
{
  message: 'Application listening on port 5000',
  level: 'info',
  label: 'Successful!',
  timestamp: '2023-06-09T16:38:47.773Z'
}
{
  message: 'development',
  level: 'info',
  label: 'Successful!',
  timestamp: '2023-06-09T16:39:08.374Z'
}
{
  message: 'development',
  level: 'info',
  label: 'Successful!',
  timestamp: '2023-06-09T16:39:13.811Z'
}
{
  message: 'Database Connected Successfully',
  level: 'info',
  label: 'Successful!',
  timestamp: '2023-06-09T16:39:16.845Z'
}
{
  message: 'Application listening on port 5000',
  level: 'info',
  label: 'Successful!',
  timestamp: '2023-06-09T16:39:16.849Z'
}
{
  message: 'development',
  level: 'info',
  label: 'Successful!',
  timestamp: '2023-06-09T16:39:39.145Z'
}
{
  message: 'Database Connected Successfully',
  level: 'info',
  label: 'Successful!',
  timestamp: '2023-06-09T16:39:42.463Z'
}
{
  message: 'Application listening on port 5000',
  level: 'info',
  label: 'Successful!',
  timestamp: '2023-06-09T16:39:42.470Z'
}
{
  message: 'development',
  level: 'info',
  label: 'Successful!',
  timestamp: '2023-06-09T16:40:47.937Z'
}
{
  message: 'Database Connected Successfully',
  level: 'info',
  label: 'Successful!',
  timestamp: '2023-06-09T16:40:50.970Z'
}
{
  message: 'Application listening on port 5000',
  level: 'info',
  label: 'Successful!',
  timestamp: '2023-06-09T16:40:50.974Z'
}
{
  message: 'development',
  level: 'info',
  label: 'Successful!',
  timestamp: '2023-06-09T16:42:11.192Z'
}
{
  message: 'Database Connected Successfully',
  level: 'info',
  label: 'Successful!',
  timestamp: '2023-06-09T16:42:14.209Z'
}
{
  message: 'Application listening on port 5000',
  level: 'info',
  label: 'Successful!',
  timestamp: '2023-06-09T16:42:14.212Z'
}
{
  message: 'development',
  level: 'info',
  label: 'Successful!',
  timestamp: '2023-06-09T16:42:47.055Z'
}
{
  message: 'Database Connected Successfully',
  level: 'info',
  label: 'Successful!',
  timestamp: '2023-06-09T16:42:49.882Z'
}
{
  message: 'Application listening on port 5000',
  level: 'info',
  label: 'Successful!',
  timestamp: '2023-06-09T16:42:49.885Z'
}
{
  message: 'development',
  level: 'info',
  label: 'Successful!',
  timestamp: '2023-06-09T16:43:15.551Z'
}
{
  message: 'Database Connected Successfully',
  level: 'info',
  label: 'Successful!',
  timestamp: '2023-06-09T16:43:19.093Z'
}
{
  message: 'Application listening on port 5000',
  level: 'info',
  label: 'Successful!',
  timestamp: '2023-06-09T16:43:19.098Z'
}
{
  message: 'development',
  level: 'info',
  label: 'Successful!',
  timestamp: '2023-06-09T16:43:34.573Z'
}
{
  message: 'Database Connected Successfully',
  level: 'info',
  label: 'Successful!',
  timestamp: '2023-06-09T16:44:37.557Z'
}
{
  message: 'Application listening on port 5000',
  level: 'info',
  label: 'Successful!',
  timestamp: '2023-06-09T16:44:37.560Z'
}
{
  message: 'development',
  level: 'info',
  label: 'Successful!',
  timestamp: '2023-06-09T16:46:16.318Z'
}
{
  message: 'development',
  level: 'info',
  label: 'Successful!',
  timestamp: '2023-06-09T16:46:25.781Z'
}
{
  message: 'development',
  level: 'info',
  label: 'Successful!',
  timestamp: '2023-06-09T16:46:30.863Z'
}
{
  message: 'Database Connected Successfully',
  level: 'info',
  label: 'Successful!',
  timestamp: '2023-06-09T16:46:40.223Z'
}
{
  message: 'Application listening on port 5000',
  level: 'info',
  label: 'Successful!',
  timestamp: '2023-06-09T16:46:40.228Z'
}
{
  message: 'development',
  level: 'info',
  label: 'Successful!',
  timestamp: '2023-06-09T16:47:03.633Z'
}
{
  message: 'Database Connected Successfully',
  level: 'info',
  label: 'Successful!',
  timestamp: '2023-06-09T16:47:07.153Z'
}
{
  message: 'Application listening on port 5000',
  level: 'info',
  label: 'Successful!',
  timestamp: '2023-06-09T16:47:07.159Z'
}
{
  message: 'development',
  level: 'info',
  label: 'Successful!',
  timestamp: '2023-06-09T16:47:59.038Z'
}
{
  message: 'Database Connected Successfully',
  level: 'info',
  label: 'Successful!',
  timestamp: '2023-06-09T16:48:07.230Z'
}
{
  message: 'Application listening on port 5000',
  level: 'info',
  label: 'Successful!',
  timestamp: '2023-06-09T16:48:07.235Z'
}
{
  message: 'development',
  level: 'info',
  label: 'Successful!',
  timestamp: '2023-06-09T16:49:22.423Z'
}
{
  message: 'Database Connected Successfully',
  level: 'info',
  label: 'Successful!',
  timestamp: '2023-06-09T16:49:25.231Z'
}
{
  message: 'Application listening on port 5000',
  level: 'info',
  label: 'Successful!',
  timestamp: '2023-06-09T16:49:25.236Z'
}
{
  message: 'development',
  level: 'info',
  label: 'Successful!',
  timestamp: '2023-06-09T16:53:47.827Z'
}
{
  message: 'Database Connected Successfully',
  level: 'info',
  label: 'Successful!',
  timestamp: '2023-06-09T16:53:50.715Z'
}
{
  message: 'Application listening on port 5000',
  level: 'info',
  label: 'Successful!',
  timestamp: '2023-06-09T16:53:50.719Z'
}
{
  message: 'development',
  level: 'info',
  label: 'Successful!',
  timestamp: '2023-06-09T16:58:59.136Z'
}
{
  message: 'Database Connected Successfully',
  level: 'info',
  label: 'Successful!',
  timestamp: '2023-06-09T16:59:05.772Z'
}
{
  message: 'Application listening on port 5000',
  level: 'info',
  label: 'Successful!',
  timestamp: '2023-06-09T16:59:05.778Z'
}
